<?xml version="1.0" encoding="UTF-8"?>
<!-- Generated by org.testng.reporters.JUnitReportReporter -->
<testsuite hostname="ADMIN-PC" failures="0" tests="1" name="Test01" time="8.368" errors="0" timestamp="25 Jun 2021 08:12:04 GMT">
  <testcase classname="Test01" name="readExcel" time="8.368"/>
</testsuite> <!-- Test01 -->
